[03 Apr, 2025 - 13:04:27:427] [34minfo[39m: [34m[39m
[34m☘️  MongoDB has been connected Successfully! Db host: ac-48xldkz-shard-00-00.ydut7g6.mongodb.net[39m
[34m[39m
[03 Apr, 2025 - 13:04:27:427] [34minfo[39m: [34m📑 Visit the documentation at: http://localhost:8000[39m
[03 Apr, 2025 - 13:04:27:427] [34minfo[39m: [34m⚙️  Server is running on port: 8000[39m
[03 Apr, 2025 - 13:07:35:735] [34minfo[39m: [34m[39m
[34m☘️  MongoDB has been connected Successfully! Db host: ac-48xldkz-shard-00-00.ydut7g6.mongodb.net[39m
[34m[39m
[03 Apr, 2025 - 13:07:35:735] [34minfo[39m: [34m📑 Visit the documentation at: http://localhost:8000[39m
[03 Apr, 2025 - 13:07:35:735] [34minfo[39m: [34m⚙️  Server is running on port: 8000[39m
[03 Apr, 2025 - 13:07:43:743] [34minfo[39m: [34m[39m
[34m☘️  MongoDB has been connected Successfully! Db host: ac-48xldkz-shard-00-02.ydut7g6.mongodb.net[39m
[34m[39m
[03 Apr, 2025 - 13:07:43:743] [34minfo[39m: [34m📑 Visit the documentation at: http://localhost:8000[39m
[03 Apr, 2025 - 13:07:43:743] [34minfo[39m: [34m⚙️  Server is running on port: 8000[39m
[03 Apr, 2025 - 13:09:43:943] [34minfo[39m: [34m[39m
[34m☘️  MongoDB has been connected Successfully! Db host: ac-48xldkz-shard-00-00.ydut7g6.mongodb.net[39m
[34m[39m
[03 Apr, 2025 - 13:09:43:943] [34minfo[39m: [34m📑 Visit the documentation at: http://localhost:8000[39m
[03 Apr, 2025 - 13:09:43:943] [34minfo[39m: [34m⚙️  Server is running on port: 8000[39m
[03 Apr, 2025 - 13:09:45:945] [34minfo[39m: [34m[39m
[34m☘️  MongoDB has been connected Successfully! Db host: ac-48xldkz-shard-00-02.ydut7g6.mongodb.net[39m
[34m[39m
[03 Apr, 2025 - 13:09:45:945] [34minfo[39m: [34m📑 Visit the documentation at: http://localhost:8000[39m
[03 Apr, 2025 - 13:09:45:945] [34minfo[39m: [34m⚙️  Server is running on port: 8000[39m
[03 Apr, 2025 - 13:10:04:104] [34minfo[39m: [34m[39m
[34m☘️  MongoDB has been connected Successfully! Db host: ac-48xldkz-shard-00-00.ydut7g6.mongodb.net[39m
[34m[39m
[03 Apr, 2025 - 13:10:04:104] [34minfo[39m: [34m📑 Visit the documentation at: http://localhost:8000[39m
[03 Apr, 2025 - 13:10:04:104] [34minfo[39m: [34m⚙️  Server is running on port: 8000[39m
[03 Apr, 2025 - 13:10:10:1010] [34minfo[39m: [34m[39m
[34m☘️  MongoDB has been connected Successfully! Db host: ac-48xldkz-shard-00-02.ydut7g6.mongodb.net[39m
[34m[39m
[03 Apr, 2025 - 13:10:10:1010] [34minfo[39m: [34m📑 Visit the documentation at: http://localhost:8000[39m
[03 Apr, 2025 - 13:10:10:1010] [34minfo[39m: [34m⚙️  Server is running on port: 8000[39m
[03 Apr, 2025 - 13:10:15:1015] [34minfo[39m: [34m[39m
[34m☘️  MongoDB has been connected Successfully! Db host: ac-48xldkz-shard-00-00.ydut7g6.mongodb.net[39m
[34m[39m
[03 Apr, 2025 - 13:10:15:1015] [34minfo[39m: [34m📑 Visit the documentation at: http://localhost:8000[39m
[03 Apr, 2025 - 13:10:15:1015] [34minfo[39m: [34m⚙️  Server is running on port: 8000[39m
[03 Apr, 2025 - 13:10:28:1028] [34minfo[39m: [34m[39m
[34m☘️  MongoDB has been connected Successfully! Db host: ac-48xldkz-shard-00-02.ydut7g6.mongodb.net[39m
[34m[39m
[03 Apr, 2025 - 13:10:28:1028] [34minfo[39m: [34m📑 Visit the documentation at: http://localhost:8000[39m
[03 Apr, 2025 - 13:10:28:1028] [34minfo[39m: [34m⚙️  Server is running on port: 8000[39m
[03 Apr, 2025 - 13:10:33:1033] [34minfo[39m: [34m[39m
[34m☘️  MongoDB has been connected Successfully! Db host: ac-48xldkz-shard-00-00.ydut7g6.mongodb.net[39m
[34m[39m
[03 Apr, 2025 - 13:10:33:1033] [34minfo[39m: [34m📑 Visit the documentation at: http://localhost:8000[39m
[03 Apr, 2025 - 13:10:33:1033] [34minfo[39m: [34m⚙️  Server is running on port: 8000[39m
[03 Apr, 2025 - 13:10:49:1049] [34minfo[39m: [34m[39m
[34m☘️  MongoDB has been connected Successfully! Db host: ac-48xldkz-shard-00-00.ydut7g6.mongodb.net[39m
[34m[39m
[03 Apr, 2025 - 13:10:49:1049] [34minfo[39m: [34m📑 Visit the documentation at: http://localhost:8000[39m
[03 Apr, 2025 - 13:10:49:1049] [34minfo[39m: [34m⚙️  Server is running on port: 8000[39m
[03 Apr, 2025 - 13:10:54:1054] [34minfo[39m: [34m[39m
[34m☘️  MongoDB has been connected Successfully! Db host: ac-48xldkz-shard-00-02.ydut7g6.mongodb.net[39m
[34m[39m
[03 Apr, 2025 - 13:10:54:1054] [34minfo[39m: [34m📑 Visit the documentation at: http://localhost:8000[39m
[03 Apr, 2025 - 13:10:54:1054] [34minfo[39m: [34m⚙️  Server is running on port: 8000[39m
[03 Apr, 2025 - 13:11:08:118] [34minfo[39m: [34m[39m
[34m☘️  MongoDB has been connected Successfully! Db host: ac-48xldkz-shard-00-00.ydut7g6.mongodb.net[39m
[34m[39m
[03 Apr, 2025 - 13:11:08:118] [34minfo[39m: [34m📑 Visit the documentation at: http://localhost:8000[39m
[03 Apr, 2025 - 13:11:08:118] [34minfo[39m: [34m⚙️  Server is running on port: 8000[39m
[03 Apr, 2025 - 13:13:38:1338] [35mhttp[39m: [35m::1 GET / 200 - 4.607 ms[39m
[03 Apr, 2025 - 15:16:55:1655] [35mhttp[39m: [35m::1 GET /api/v1/tutor/getunverifiedtutors 404 - 4.200 ms[39m
[03 Apr, 2025 - 15:16:55:1655] [35mhttp[39m: [35m::1 GET /api/v1/tutor/getunverifiedtutors 404 - 0.870 ms[39m
[03 Apr, 2025 - 15:16:57:1657] [35mhttp[39m: [35m::1 GET /api/v1/tutor/getunverifiedtutors 404 - 0.381 ms[39m
[03 Apr, 2025 - 15:16:57:1657] [35mhttp[39m: [35m::1 GET /api/v1/tutor/getunverifiedtutors 404 - 0.944 ms[39m
[03 Apr, 2025 - 15:21:03:213] [34minfo[39m: [34m[39m
[34m☘️  MongoDB has been connected Successfully! Db host: ac-48xldkz-shard-00-00.ydut7g6.mongodb.net[39m
[34m[39m
[03 Apr, 2025 - 15:21:26:2126] [34minfo[39m: [34m[39m
[34m☘️  MongoDB has been connected Successfully! Db host: ac-48xldkz-shard-00-02.ydut7g6.mongodb.net[39m
[34m[39m
[03 Apr, 2025 - 15:21:26:2126] [34minfo[39m: [34m📑 Visit the documentation at: http://localhost:8000[39m
[03 Apr, 2025 - 15:21:26:2126] [34minfo[39m: [34m⚙️  Server is running on port: 8000[39m
[07 Apr, 2025 - 11:42:21:4221] [34minfo[39m: [34m[39m
[34m☘️  MongoDB has been connected Successfully! Db host: ac-48xldkz-shard-00-00.ydut7g6.mongodb.net[39m
[34m[39m
[07 Apr, 2025 - 11:42:21:4221] [34minfo[39m: [34m📑 Visit the documentation at: http://localhost:8000[39m
[07 Apr, 2025 - 11:42:21:4221] [34minfo[39m: [34m⚙️  Server is running on port: 8000[39m
[07 Apr, 2025 - 12:04:53:453] [34minfo[39m: [34m[39m
[34m☘️  MongoDB has been connected Successfully! Db host: ac-48xldkz-shard-00-00.ydut7g6.mongodb.net[39m
[34m[39m
[07 Apr, 2025 - 12:04:53:453] [34minfo[39m: [34m📑 Visit the documentation at: http://localhost:8000[39m
[07 Apr, 2025 - 12:04:53:453] [34minfo[39m: [34m⚙️  Server is running on port: 8000[39m
[07 Apr, 2025 - 12:07:15:715] [35mhttp[39m: [35m::1 POST /api/v1/admin/login 500 - 532.959 ms[39m
[07 Apr, 2025 - 12:08:09:89] [34minfo[39m: [34m[39m
[34m☘️  MongoDB has been connected Successfully! Db host: ac-48xldkz-shard-00-00.ydut7g6.mongodb.net[39m
[34m[39m
[07 Apr, 2025 - 12:08:09:89] [34minfo[39m: [34m📑 Visit the documentation at: http://localhost:8000[39m
[07 Apr, 2025 - 12:08:09:89] [34minfo[39m: [34m⚙️  Server is running on port: 8000[39m
[07 Apr, 2025 - 12:08:12:812] [35mhttp[39m: [35m::1 POST /api/v1/admin/login 500 - 266.536 ms[39m
[07 Apr, 2025 - 12:08:22:822] [35mhttp[39m: [35m::1 POST /api/v1/admin/login 500 - 80.010 ms[39m
[07 Apr, 2025 - 12:08:46:846] [34minfo[39m: [34m[39m
[34m☘️  MongoDB has been connected Successfully! Db host: ac-48xldkz-shard-00-00.ydut7g6.mongodb.net[39m
[34m[39m
[07 Apr, 2025 - 12:08:46:846] [34minfo[39m: [34m📑 Visit the documentation at: http://localhost:8000[39m
[07 Apr, 2025 - 12:08:46:846] [34minfo[39m: [34m⚙️  Server is running on port: 8000[39m
[07 Apr, 2025 - 12:09:02:92] [34minfo[39m: [34m[39m
[34m☘️  MongoDB has been connected Successfully! Db host: ac-48xldkz-shard-00-00.ydut7g6.mongodb.net[39m
[34m[39m
[07 Apr, 2025 - 12:09:02:92] [34minfo[39m: [34m📑 Visit the documentation at: http://localhost:8000[39m
[07 Apr, 2025 - 12:09:02:92] [34minfo[39m: [34m⚙️  Server is running on port: 8000[39m
[07 Apr, 2025 - 12:09:07:97] [35mhttp[39m: [35m::1 POST /api/v1/admin/login 401 - 144.365 ms[39m
[07 Apr, 2025 - 12:09:44:944] [35mhttp[39m: [35m::1 POST /api/v1/admin/login 401 - 192.763 ms[39m
[07 Apr, 2025 - 12:10:35:1035] [34minfo[39m: [34m[39m
[34m☘️  MongoDB has been connected Successfully! Db host: ac-48xldkz-shard-00-00.ydut7g6.mongodb.net[39m
[34m[39m
[07 Apr, 2025 - 12:10:35:1035] [34minfo[39m: [34m📑 Visit the documentation at: http://localhost:8000[39m
[07 Apr, 2025 - 12:10:35:1035] [34minfo[39m: [34m⚙️  Server is running on port: 8000[39m
[07 Apr, 2025 - 12:10:40:1040] [34minfo[39m: [34m[39m
[34m☘️  MongoDB has been connected Successfully! Db host: ac-48xldkz-shard-00-00.ydut7g6.mongodb.net[39m
[34m[39m
[07 Apr, 2025 - 12:10:40:1040] [34minfo[39m: [34m📑 Visit the documentation at: http://localhost:8000[39m
[07 Apr, 2025 - 12:10:40:1040] [34minfo[39m: [34m⚙️  Server is running on port: 8000[39m
[07 Apr, 2025 - 12:10:45:1045] [35mhttp[39m: [35m::1 POST /api/v1/admin/login 200 - 66.743 ms[39m
[07 Apr, 2025 - 12:11:06:116] [35mhttp[39m: [35m::1 POST /api/v1/admin/login 200 - 123.748 ms[39m
[07 Apr, 2025 - 12:13:23:1323] [35mhttp[39m: [35m::1 POST /api/v1/admin/login 200 - 224.129 ms[39m
[07 Apr, 2025 - 12:17:14:1714] [35mhttp[39m: [35m::1 POST /api/v1/admin/login 200 - 113.103 ms[39m
[08 Apr, 2025 - 14:25:14:2514] [34minfo[39m: [34m[39m
[34m☘️  MongoDB has been connected Successfully! Db host: ac-48xldkz-shard-00-00.ydut7g6.mongodb.net[39m
[34m[39m
[08 Apr, 2025 - 14:25:14:2514] [34minfo[39m: [34m📑 Visit the documentation at: http://localhost:8000[39m
[08 Apr, 2025 - 14:25:14:2514] [34minfo[39m: [34m⚙️  Server is running on port: 8000[39m
[08 Apr, 2025 - 14:29:46:2946] [35mhttp[39m: [35m::1 POST /api/v1/admin/login 401 - 113.735 ms[39m
[08 Apr, 2025 - 14:29:47:2947] [35mhttp[39m: [35m::1 POST /api/v1/admin/login 401 - 30.208 ms[39m
[08 Apr, 2025 - 14:31:36:3136] [35mhttp[39m: [35m::1 POST /api/v1/admin/login 401 - 37.400 ms[39m
[08 Apr, 2025 - 14:33:27:3327] [35mhttp[39m: [35m::1 POST /api/v1/admin/login 200 - 201.127 ms[39m
[08 Apr, 2025 - 14:34:35:3435] [35mhttp[39m: [35m::1 POST /api/v1/admin/login 200 - 101.506 ms[39m
[08 Apr, 2025 - 14:34:59:3459] [35mhttp[39m: [35m::1 POST /api/v1/admin/login 401 - 31.282 ms[39m
[08 Apr, 2025 - 14:35:01:351] [35mhttp[39m: [35m::1 POST /api/v1/admin/login 401 - 55.151 ms[39m
[08 Apr, 2025 - 14:35:01:351] [35mhttp[39m: [35m::1 POST /api/v1/admin/login 401 - 139.140 ms[39m
[08 Apr, 2025 - 14:35:03:353] [35mhttp[39m: [35m::1 POST /api/v1/admin/login 401 - 134.645 ms[39m
[08 Apr, 2025 - 14:36:12:3612] [35mhttp[39m: [35m::1 POST /api/v1/admin/login 401 - 36.736 ms[39m
[08 Apr, 2025 - 14:36:13:3613] [35mhttp[39m: [35m::1 POST /api/v1/admin/login 401 - 66.748 ms[39m
[08 Apr, 2025 - 14:49:17:4917] [35mhttp[39m: [35m::1 POST /api/v1/admin/login 401 - 62.280 ms[39m
[08 Apr, 2025 - 14:53:07:537] [35mhttp[39m: [35m::1 POST /api/v1/admin/login 401 - 63.915 ms[39m
[08 Apr, 2025 - 15:21:55:2155] [35mhttp[39m: [35m::1 POST /api/v1/admin/login 200 - 631.312 ms[39m
[08 Apr, 2025 - 15:30:11:3011] [35mhttp[39m: [35m::1 POST /api/v1/admin/login 200 - 147.536 ms[39m
